Building DAG of jobs...
Relative file path './data/sntst_GRCh38_norel_rnd10000_chr22.bgen.bgi' starts with './'. This is redundant and strongly discouraged. It can also lead to inconsistent results of the file-matching approach used by Snakemake. You can simply omit the './' for relative file paths.
Relative file path './data/sntst_GRCh38_norel_rnd10000_chr22.sample.old' starts with './'. This is redundant and strongly discouraged. It can also lead to inconsistent results of the file-matching approach used by Snakemake. You can simply omit the './' for relative file paths.
Relative file path './data/sntst_GRCh38_norel_rnd10000_chr22.afreq' starts with './'. This is redundant and strongly discouraged. It can also lead to inconsistent results of the file-matching approach used by Snakemake. You can simply omit the './' for relative file paths.
Relative file path './data/ids_to_keep.txt.processed' starts with './'. This is redundant and strongly discouraged. It can also lead to inconsistent results of the file-matching approach used by Snakemake. You can simply omit the './' for relative file paths.
Relative file path './data/sntst_GRCh38_norel_rnd10000_chr22.bgen' starts with './'. This is redundant and strongly discouraged. It can also lead to inconsistent results of the file-matching approach used by Snakemake. You can simply omit the './' for relative file paths.
Relative file path './data/sntst_GRCh38_norel_rnd10000_chr22.bgen.bgi' starts with './'. This is redundant and strongly discouraged. It can also lead to inconsistent results of the file-matching approach used by Snakemake. You can simply omit the './' for relative file paths.
Relative file path './data/sntst_GRCh38_norel_rnd10000_chr22.bed' starts with './'. This is redundant and strongly discouraged. It can also lead to inconsistent results of the file-matching approach used by Snakemake. You can simply omit the './' for relative file paths.
Relative file path './data/sntst_GRCh38_norel_rnd10000_chr22.bim' starts with './'. This is redundant and strongly discouraged. It can also lead to inconsistent results of the file-matching approach used by Snakemake. You can simply omit the './' for relative file paths.
Relative file path './data/sntst_GRCh38_norel_rnd10000_chr22.fam' starts with './'. This is redundant and strongly discouraged. It can also lead to inconsistent results of the file-matching approach used by Snakemake. You can simply omit the './' for relative file paths.
Relative file path './data/sntst_GRCh38_norel_rnd10000_chr22.bgen' starts with './'. This is redundant and strongly discouraged. It can also lead to inconsistent results of the file-matching approach used by Snakemake. You can simply omit the './' for relative file paths.
Relative file path './data/sntst_GRCh38_norel_rnd10000_chr22.sample' starts with './'. This is redundant and strongly discouraged. It can also lead to inconsistent results of the file-matching approach used by Snakemake. You can simply omit the './' for relative file paths.
Relative file path './data/ukb23155_c22_b0_v1.bed' starts with './'. This is redundant and strongly discouraged. It can also lead to inconsistent results of the file-matching approach used by Snakemake. You can simply omit the './' for relative file paths.
Relative file path './data/ukb23155_c22_b0_v1.bim' starts with './'. This is redundant and strongly discouraged. It can also lead to inconsistent results of the file-matching approach used by Snakemake. You can simply omit the './' for relative file paths.
Relative file path './data/ukb23155_c22_b0_v1.fam' starts with './'. This is redundant and strongly discouraged. It can also lead to inconsistent results of the file-matching approach used by Snakemake. You can simply omit the './' for relative file paths.
Relative file path './data/ids_to_keep.txt.processed' starts with './'. This is redundant and strongly discouraged. It can also lead to inconsistent results of the file-matching approach used by Snakemake. You can simply omit the './' for relative file paths.
Relative file path './data/sntst_GRCh38_norel_rnd10000_chr22.bed' starts with './'. This is redundant and strongly discouraged. It can also lead to inconsistent results of the file-matching approach used by Snakemake. You can simply omit the './' for relative file paths.
Relative file path './data/sntst_GRCh38_norel_rnd10000_chr22.bim' starts with './'. This is redundant and strongly discouraged. It can also lead to inconsistent results of the file-matching approach used by Snakemake. You can simply omit the './' for relative file paths.
Relative file path './data/sntst_GRCh38_norel_rnd10000_chr22.fam' starts with './'. This is redundant and strongly discouraged. It can also lead to inconsistent results of the file-matching approach used by Snakemake. You can simply omit the './' for relative file paths.
Relative file path './data/ids_to_keep.txt' starts with './'. This is redundant and strongly discouraged. It can also lead to inconsistent results of the file-matching approach used by Snakemake. You can simply omit the './' for relative file paths.
Relative file path './data/ids_to_keep.txt.processed' starts with './'. This is redundant and strongly discouraged. It can also lead to inconsistent results of the file-matching approach used by Snakemake. You can simply omit the './' for relative file paths.
MissingInputException in line 99 of /Users/kiero/Dropbox/WABI/Projects/Johansson_PP/a_johansson_2020/workflow/workflow/stage2_prepare_data.sn:
Missing input files for rule filter_samples_and_multiallelic:
    output: ./data/sntst_GRCh38_norel_rnd10000_chr22.bed, ./data/sntst_GRCh38_norel_rnd10000_chr22.bim, ./data/sntst_GRCh38_norel_rnd10000_chr22.fam
    affected files:
        ./data/ukb23155_c22_b0_v1.bed
        ./data/ukb23155_c22_b0_v1.fam
        ./data/ukb23155_c22_b0_v1.bim
